<?xml version="1.0" encoding="UTF-8"?>
<testsuite xmlns:xsi="http://www.w3.org/2001/XMLSchema-instance" xsi:noNamespaceSchemaLocation="https://maven.apache.org/surefire/maven-surefire-plugin/xsd/surefire-test-report-3.0.xsd" version="3.0" name="TestSuite" time="10.717" tests="7" errors="0" skipped="0" failures="0">
  <properties>
[...]
</properties>
  <testcase name="validateGeneralInfoPageMissingDataErrorMessages[Missing Email, Organization A, , APAC](1)" classname="com.ai.holistic.tests.GeneralInfoInvalidMessageTest" time="0.579">
    <system-out><![CDATA[16:44:32.558 [TestNG-test-AI RISK MANAGEMENT TESTS-1] INFO  com.ai.holistic.utils.ConfigReader - Loaded config file: src/test/resources/config.qa.properties
2025-04-24T16:44:32.607266851Z TestNG-test-AI RISK MANAGEMENT TESTS-1 ERROR Log4j API could not find a logging provider.
16:44:34.017 [TestNG-test-AI RISK MANAGEMENT TESTS-1] INFO  i.g.bonigarcia.wdm.WebDriverManager - Using chromedriver 135.0.7049.114 (resolved driver for Chrome 135)
16:44:34.017 [TestNG-test-AI RISK MANAGEMENT TESTS-2] INFO  i.g.bonigarcia.wdm.WebDriverManager - Using chromedriver 135.0.7049.114 (resolved driver for Chrome 135)
16:44:34.051 [TestNG-test-AI RISK MANAGEMENT TESTS-1] INFO  i.g.bonigarcia.wdm.online.Downloader - Downloading https://storage.googleapis.com/chrome-for-testing-public/135.0.7049.114/linux64/chromedriver-linux64.zip
16:44:34.052 [TestNG-test-AI RISK MANAGEMENT TESTS-2] INFO  i.g.bonigarcia.wdm.online.Downloader - Downloading https://storage.googleapis.com/chrome-for-testing-public/135.0.7049.114/linux64/chromedriver-linux64.zip
16:44:34.289 [TestNG-test-AI RISK MANAGEMENT TESTS-2] INFO  i.g.bonigarcia.wdm.online.Downloader - Extracting driver from compressed file chromedriver-linux64.zip
16:44:34.379 [TestNG-test-AI RISK MANAGEMENT TESTS-1] INFO  i.g.bonigarcia.wdm.online.Downloader - Extracting driver from compressed file chromedriver-linux64.zip
16:44:34.429 [TestNG-test-AI RISK MANAGEMENT TESTS-2] INFO  i.g.bonigarcia.wdm.WebDriverManager - Exporting webdriver.chrome.driver as /home/runner/.cache/selenium/chromedriver/linux64/135.0.7049.114/chromedriver
16:44:34.535 [TestNG-test-AI RISK MANAGEMENT TESTS-1] INFO  i.g.bonigarcia.wdm.WebDriverManager - Exporting webdriver.chrome.driver as /home/runner/.cache/selenium/chromedriver/linux64/135.0.7049.114/chromedriver
16:44:35.422 [TestNG-test-AI RISK MANAGEMENT TESTS-1] INFO  c.a.h.tests.AIRiskManagementPageTest - On GeneralInformationPage - Fill  Name , org, email , region & Submit 
16:44:35.423 [TestNG-test-AI RISK MANAGEMENT TESTS-2] INFO  c.a.h.t.GeneralInfoInvalidMessageTest - On GeneralInformationPage - Fill out Name , org, email , region & Submit 
16:44:35.451 [TestNG-test-AI RISK MANAGEMENT TESTS-1] INFO  c.a.h.pages.GeneralInformationPage - Navigate to URL:src/main/resources/securityForm.html
16:44:35.454 [TestNG-test-AI RISK MANAGEMENT TESTS-2] INFO  c.a.h.pages.GeneralInformationPage - Navigate to URL:src/main/resources/securityForm.html
16:44:35.586 [TestNG-test-AI RISK MANAGEMENT TESTS-1] INFO  c.a.h.pages.GeneralInformationPage - Enter Deployment Name :RegionUS RiskHigh SensitiveYes
16:44:35.672 [TestNG-test-AI RISK MANAGEMENT TESTS-1] INFO  c.a.h.pages.GeneralInformationPage - Enter Org Name :Organization A
16:44:35.739 [TestNG-test-AI RISK MANAGEMENT TESTS-1] INFO  c.a.h.pages.GeneralInformationPage - Enter Email Address :user2@example.com
16:44:35.798 [TestNG-test-AI RISK MANAGEMENT TESTS-1] INFO  c.a.h.pages.GeneralInformationPage - Select region :US
16:44:35.910 [TestNG-test-AI RISK MANAGEMENT TESTS-1] INFO  c.a.h.pages.GeneralInformationPage - Click Next 
16:44:35.972 [TestNG-test-AI RISK MANAGEMENT TESTS-1] INFO  c.a.h.tests.AIRiskManagementPageTest - On AIRiskManagementPage - Fill  sensitive data , risk level,navigate to Data Security Page
16:44:35.973 [TestNG-test-AI RISK MANAGEMENT TESTS-1] INFO  c.a.h.pages.AIRiskManagementPage - Verify Title on AI Risk Management Page
]]></system-out>
  </testcase>
  <testcase name="dummyVerifyTitleOnAIRiskMngmtPage[RegionUS RiskHigh SensitiveYes, Organization A, user2@example.com, US, No, High, Encryption, Yes, , Yes, Yes](1)" classname="com.ai.holistic.tests.AIRiskManagementPageTest" time="0.582"/>
  <testcase name="dummyVerifyTitleOnAIRiskMngmtPage[RegionUS RiskHigh SensitiveYes, Organization A, user2@example.com, EU, No, High, Encryption, Yes, Yes, Yes, Yes](2)" classname="com.ai.holistic.tests.AIRiskManagementPageTest" time="0.394">
    <system-out><![CDATA[16:44:36.515 [TestNG-test-AI RISK MANAGEMENT TESTS-1] INFO  i.g.bonigarcia.wdm.WebDriverManager - Using chromedriver 135.0.7049.114 (resolved driver for Chrome 135)
16:44:36.525 [TestNG-test-AI RISK MANAGEMENT TESTS-1] INFO  i.g.bonigarcia.wdm.WebDriverManager - Exporting webdriver.chrome.driver as /home/runner/.cache/selenium/chromedriver/linux64/135.0.7049.114/chromedriver
16:44:36.827 [TestNG-test-AI RISK MANAGEMENT TESTS-1] INFO  c.a.h.tests.AIRiskManagementPageTest - On GeneralInformationPage - Fill  Name , org, email , region & Submit 
16:44:36.828 [TestNG-test-AI RISK MANAGEMENT TESTS-1] INFO  c.a.h.pages.GeneralInformationPage - Navigate to URL:src/main/resources/securityForm.html
16:44:36.904 [TestNG-test-AI RISK MANAGEMENT TESTS-1] INFO  c.a.h.pages.GeneralInformationPage - Enter Deployment Name :RegionUS RiskHigh SensitiveYes
16:44:36.970 [TestNG-test-AI RISK MANAGEMENT TESTS-1] INFO  c.a.h.pages.GeneralInformationPage - Enter Org Name :Organization A
16:44:37.018 [TestNG-test-AI RISK MANAGEMENT TESTS-1] INFO  c.a.h.pages.GeneralInformationPage - Enter Email Address :user2@example.com
16:44:37.064 [TestNG-test-AI RISK MANAGEMENT TESTS-1] INFO  c.a.h.pages.GeneralInformationPage - Select region :EU
16:44:37.151 [TestNG-test-AI RISK MANAGEMENT TESTS-1] INFO  c.a.h.pages.GeneralInformationPage - Click Next 
16:44:37.202 [TestNG-test-AI RISK MANAGEMENT TESTS-1] INFO  c.a.h.tests.AIRiskManagementPageTest - On AIRiskManagementPage - Fill  sensitive data , risk level,navigate to Data Security Page
16:44:37.202 [TestNG-test-AI RISK MANAGEMENT TESTS-1] INFO  c.a.h.pages.AIRiskManagementPage - Verify Title on AI Risk Management Page
]]></system-out>
  </testcase>
  <testcase name="dummyVerifyTitleOnAIRiskMngmtPage[RegionUS RiskHigh SensitiveYes, Organization A, user2@example.com, APAC, No, High, Encryption, Yes, , Yes, No](3)" classname="com.ai.holistic.tests.AIRiskManagementPageTest" time="0.393">
    <system-out><![CDATA[16:44:37.351 [TestNG-test-AI RISK MANAGEMENT TESTS-1] INFO  i.g.bonigarcia.wdm.WebDriverManager - Using chromedriver 135.0.7049.114 (resolved driver for Chrome 135)
16:44:37.354 [TestNG-test-AI RISK MANAGEMENT TESTS-1] INFO  i.g.bonigarcia.wdm.WebDriverManager - Exporting webdriver.chrome.driver as /home/runner/.cache/selenium/chromedriver/linux64/135.0.7049.114/chromedriver
16:44:37.643 [TestNG-test-AI RISK MANAGEMENT TESTS-1] INFO  c.a.h.tests.AIRiskManagementPageTest - On GeneralInformationPage - Fill  Name , org, email , region & Submit 
16:44:37.644 [TestNG-test-AI RISK MANAGEMENT TESTS-1] INFO  c.a.h.pages.GeneralInformationPage - Navigate to URL:src/main/resources/securityForm.html
16:44:37.731 [TestNG-test-AI RISK MANAGEMENT TESTS-1] INFO  c.a.h.pages.GeneralInformationPage - Enter Deployment Name :RegionUS RiskHigh SensitiveYes
16:44:37.797 [TestNG-test-AI RISK MANAGEMENT TESTS-1] INFO  c.a.h.pages.GeneralInformationPage - Enter Org Name :Organization A
16:44:37.842 [TestNG-test-AI RISK MANAGEMENT TESTS-1] INFO  c.a.h.pages.GeneralInformationPage - Enter Email Address :user2@example.com
16:44:37.885 [TestNG-test-AI RISK MANAGEMENT TESTS-1] INFO  c.a.h.pages.GeneralInformationPage - Select region :APAC
16:44:37.966 [TestNG-test-AI RISK MANAGEMENT TESTS-1] INFO  c.a.h.pages.GeneralInformationPage - Click Next 
16:44:38.015 [TestNG-test-AI RISK MANAGEMENT TESTS-1] INFO  c.a.h.tests.AIRiskManagementPageTest - On AIRiskManagementPage - Fill  sensitive data , risk level,navigate to Data Security Page
16:44:38.015 [TestNG-test-AI RISK MANAGEMENT TESTS-1] INFO  c.a.h.pages.AIRiskManagementPage - Verify Title on AI Risk Management Page
]]></system-out>
  </testcase>
  <testcase name="verifyRiskMappingJourneyE2eFlow[RegionUS RiskHigh SensitiveYes, Organization A, user2@example.com, US, No, High, Encryption, Yes, , Yes, Yes](1)" classname="com.ai.holistic.tests.AIRiskManagementPageTest" time="0.993">
    <system-out><![CDATA[16:44:38.200 [TestNG-test-AI RISK MANAGEMENT TESTS-1] INFO  i.g.bonigarcia.wdm.WebDriverManager - Using chromedriver 135.0.7049.114 (resolved driver for Chrome 135)
16:44:38.204 [TestNG-test-AI RISK MANAGEMENT TESTS-1] INFO  i.g.bonigarcia.wdm.WebDriverManager - Exporting webdriver.chrome.driver as /home/runner/.cache/selenium/chromedriver/linux64/135.0.7049.114/chromedriver
16:44:38.502 [TestNG-test-AI RISK MANAGEMENT TESTS-1] INFO  c.a.h.tests.AIRiskManagementPageTest - On GeneralInformationPage - Fill out Name , org, email , region & Submit 
16:44:38.502 [TestNG-test-AI RISK MANAGEMENT TESTS-1] INFO  c.a.h.pages.GeneralInformationPage - Navigate to URL:src/main/resources/securityForm.html
16:44:38.608 [TestNG-test-AI RISK MANAGEMENT TESTS-1] INFO  c.a.h.pages.GeneralInformationPage - Enter Deployment Name :RegionUS RiskHigh SensitiveYes
16:44:38.676 [TestNG-test-AI RISK MANAGEMENT TESTS-1] INFO  c.a.h.pages.GeneralInformationPage - Enter Org Name :Organization A
16:44:38.721 [TestNG-test-AI RISK MANAGEMENT TESTS-1] INFO  c.a.h.pages.GeneralInformationPage - Enter Email Address :user2@example.com
16:44:38.764 [TestNG-test-AI RISK MANAGEMENT TESTS-1] INFO  c.a.h.pages.GeneralInformationPage - Select region :US
16:44:38.850 [TestNG-test-AI RISK MANAGEMENT TESTS-1] INFO  c.a.h.pages.GeneralInformationPage - Click Next 
16:44:38.901 [TestNG-test-AI RISK MANAGEMENT TESTS-1] INFO  c.a.h.tests.AIRiskManagementPageTest - On AIRiskManagementPage - Fill out sensitive data , risk level,navigate to Data Security Page
16:44:38.901 [TestNG-test-AI RISK MANAGEMENT TESTS-1] INFO  c.a.h.pages.AIRiskManagementPage - Verify Title on AI Risk Management Page
16:44:39.107 [TestNG-test-AI RISK MANAGEMENT TESTS-1] INFO  c.a.h.tests.AIRiskManagementPageTest - On DataSecurityPage - Fill out security measures data, encryption implemented , data residency compliance, navigate to Compliance Measures 
16:44:39.271 [TestNG-test-AI RISK MANAGEMENT TESTS-1] INFO  c.a.h.tests.AIRiskManagementPageTest - On ComplianceMeasuresPage - Fill out compliance measures data, riskAssessment and audit submit form to view final summary 
16:44:39.490 [TestNG-test-AI RISK MANAGEMENT TESTS-1] INFO  com.ai.holistic.pages.SummaryPage - AI Deployment Name: RegionUS RiskHigh SensitiveYes
Organization Name: Organization A
Email Address: user2@example.com
Region: US
Sensitive Data: No
Risk Level: High
Security Measures: Encryption
Encryption: Yes
Data Residency Compliance:
Risk Assessment: Yes
Compliance Audit: Yes
16:44:39.494 [TestNG-test-AI RISK MANAGEMENT TESTS-1] INFO  c.a.h.tests.AIRiskManagementPageTest - data residency flga 
]]></system-out>
  </testcase>
  <testcase name="verifyRiskMappingJourneyE2eFlow[RegionUS RiskHigh SensitiveYes, Organization A, user2@example.com, EU, No, High, Encryption, Yes, Yes, Yes, Yes](2)" classname="com.ai.holistic.tests.AIRiskManagementPageTest" time="1.047">
    <system-out><![CDATA[16:44:39.628 [TestNG-test-AI RISK MANAGEMENT TESTS-1] INFO  i.g.bonigarcia.wdm.WebDriverManager - Using chromedriver 135.0.7049.114 (resolved driver for Chrome 135)
16:44:39.630 [TestNG-test-AI RISK MANAGEMENT TESTS-1] INFO  i.g.bonigarcia.wdm.WebDriverManager - Exporting webdriver.chrome.driver as /home/runner/.cache/selenium/chromedriver/linux64/135.0.7049.114/chromedriver
16:44:39.932 [TestNG-test-AI RISK MANAGEMENT TESTS-1] INFO  c.a.h.tests.AIRiskManagementPageTest - On GeneralInformationPage - Fill out Name , org, email , region & Submit 
16:44:39.933 [TestNG-test-AI RISK MANAGEMENT TESTS-1] INFO  c.a.h.pages.GeneralInformationPage - Navigate to URL:src/main/resources/securityForm.html
16:44:40.037 [TestNG-test-AI RISK MANAGEMENT TESTS-1] INFO  c.a.h.pages.GeneralInformationPage - Enter Deployment Name :RegionUS RiskHigh SensitiveYes
16:44:40.108 [TestNG-test-AI RISK MANAGEMENT TESTS-1] INFO  c.a.h.pages.GeneralInformationPage - Enter Org Name :Organization A
16:44:40.156 [TestNG-test-AI RISK MANAGEMENT TESTS-1] INFO  c.a.h.pages.GeneralInformationPage - Enter Email Address :user2@example.com
16:44:40.199 [TestNG-test-AI RISK MANAGEMENT TESTS-1] INFO  c.a.h.pages.GeneralInformationPage - Select region :EU
16:44:40.278 [TestNG-test-AI RISK MANAGEMENT TESTS-1] INFO  c.a.h.pages.GeneralInformationPage - Click Next 
16:44:40.328 [TestNG-test-AI RISK MANAGEMENT TESTS-1] INFO  c.a.h.tests.AIRiskManagementPageTest - On AIRiskManagementPage - Fill out sensitive data , risk level,navigate to Data Security Page
16:44:40.328 [TestNG-test-AI RISK MANAGEMENT TESTS-1] INFO  c.a.h.pages.AIRiskManagementPage - Verify Title on AI Risk Management Page
16:44:40.544 [TestNG-test-AI RISK MANAGEMENT TESTS-1] INFO  c.a.h.tests.AIRiskManagementPageTest - On DataSecurityPage - Fill out security measures data, encryption implemented , data residency compliance, navigate to Compliance Measures 
16:44:40.768 [TestNG-test-AI RISK MANAGEMENT TESTS-1] INFO  c.a.h.tests.AIRiskManagementPageTest - On ComplianceMeasuresPage - Fill out compliance measures data, riskAssessment and audit submit form to view final summary 
16:44:40.979 [TestNG-test-AI RISK MANAGEMENT TESTS-1] INFO  com.ai.holistic.pages.SummaryPage - AI Deployment Name: RegionUS RiskHigh SensitiveYes
Organization Name: Organization A
Email Address: user2@example.com
Region: EU
Sensitive Data: No
Risk Level: High
Security Measures: Encryption
Encryption: Yes
Data Residency Compliance: Yes
Risk Assessment: Yes
Compliance Audit: Yes
16:44:40.979 [TestNG-test-AI RISK MANAGEMENT TESTS-1] INFO  c.a.h.tests.AIRiskManagementPageTest - data residency flga Yes
]]></system-out>
  </testcase>
  <testcase name="verifyRiskMappingJourneyE2eFlow[RegionUS RiskHigh SensitiveYes, Organization A, user2@example.com, APAC, No, High, Encryption, Yes, , Yes, No](3)" classname="com.ai.holistic.tests.AIRiskManagementPageTest" time="0.957">
    <system-out><![CDATA[16:44:41.120 [TestNG-test-AI RISK MANAGEMENT TESTS-1] INFO  i.g.bonigarcia.wdm.WebDriverManager - Using chromedriver 135.0.7049.114 (resolved driver for Chrome 135)
16:44:41.122 [TestNG-test-AI RISK MANAGEMENT TESTS-1] INFO  i.g.bonigarcia.wdm.WebDriverManager - Exporting webdriver.chrome.driver as /home/runner/.cache/selenium/chromedriver/linux64/135.0.7049.114/chromedriver
16:44:41.416 [TestNG-test-AI RISK MANAGEMENT TESTS-1] INFO  c.a.h.tests.AIRiskManagementPageTest - On GeneralInformationPage - Fill out Name , org, email , region & Submit 
16:44:41.416 [TestNG-test-AI RISK MANAGEMENT TESTS-1] INFO  c.a.h.pages.GeneralInformationPage - Navigate to URL:src/main/resources/securityForm.html
16:44:41.527 [TestNG-test-AI RISK MANAGEMENT TESTS-1] INFO  c.a.h.pages.GeneralInformationPage - Enter Deployment Name :RegionUS RiskHigh SensitiveYes
16:44:41.590 [TestNG-test-AI RISK MANAGEMENT TESTS-1] INFO  c.a.h.pages.GeneralInformationPage - Enter Org Name :Organization A
16:44:41.637 [TestNG-test-AI RISK MANAGEMENT TESTS-1] INFO  c.a.h.pages.GeneralInformationPage - Enter Email Address :user2@example.com
16:44:41.679 [TestNG-test-AI RISK MANAGEMENT TESTS-1] INFO  c.a.h.pages.GeneralInformationPage - Select region :APAC
16:44:41.755 [TestNG-test-AI RISK MANAGEMENT TESTS-1] INFO  c.a.h.pages.GeneralInformationPage - Click Next 
16:44:41.805 [TestNG-test-AI RISK MANAGEMENT TESTS-1] INFO  c.a.h.tests.AIRiskManagementPageTest - On AIRiskManagementPage - Fill out sensitive data , risk level,navigate to Data Security Page
16:44:41.805 [TestNG-test-AI RISK MANAGEMENT TESTS-1] INFO  c.a.h.pages.AIRiskManagementPage - Verify Title on AI Risk Management Page
16:44:42.006 [TestNG-test-AI RISK MANAGEMENT TESTS-1] INFO  c.a.h.tests.AIRiskManagementPageTest - On DataSecurityPage - Fill out security measures data, encryption implemented , data residency compliance, navigate to Compliance Measures 
16:44:42.163 [TestNG-test-AI RISK MANAGEMENT TESTS-1] INFO  c.a.h.tests.AIRiskManagementPageTest - On ComplianceMeasuresPage - Fill out compliance measures data, riskAssessment and audit submit form to view final summary 
16:44:42.373 [TestNG-test-AI RISK MANAGEMENT TESTS-1] INFO  com.ai.holistic.pages.SummaryPage - AI Deployment Name: RegionUS RiskHigh SensitiveYes
Organization Name: Organization A
Email Address: user2@example.com
Region: APAC
Sensitive Data: No
Risk Level: High
Security Measures: Encryption
Encryption: Yes
Data Residency Compliance:
Risk Assessment: Yes
Compliance Audit: No
16:44:42.373 [TestNG-test-AI RISK MANAGEMENT TESTS-1] INFO  c.a.h.tests.AIRiskManagementPageTest - data residency flga 
]]></system-out>
  </testcase>
</testsuite>