<?xml version="1.0" encoding="UTF-8"?>
<testsuite xmlns:xsi="http://www.w3.org/2001/XMLSchema-instance" xsi:noNamespaceSchemaLocation="https://maven.apache.org/surefire/maven-surefire-plugin/xsd/surefire-test-report-3.0.xsd" version="3.0" name="TestSuite" time="47.694" tests="7" errors="0" skipped="0" failures="0">
  <properties>
[...]
</properties>
  <testcase name="validateGeneralInfoPageMissingDataErrorMessages[Missing Email, Organization A, , APAC](1)" classname="com.ai.holistic.tests.GeneralInfoInvalidMessageTest" time="3.007">
    <system-out><![CDATA[16:53:33.587 [TestNG-test-AI RISK MANAGEMENT TESTS-1] INFO  com.ai.holistic.utils.ConfigReader - Loaded config file: src/test/resources/config.qa.properties
2025-04-24T16:53:33.651320200Z TestNG-test-AI RISK MANAGEMENT TESTS-1 ERROR Log4j API could not find a logging provider.
16:53:40.864 [TestNG-test-AI RISK MANAGEMENT TESTS-1] INFO  i.g.bonigarcia.wdm.WebDriverManager - Using chromedriver 135.0.7049.114 (resolved driver for Chrome 135)
16:53:40.872 [TestNG-test-AI RISK MANAGEMENT TESTS-2] INFO  i.g.bonigarcia.wdm.WebDriverManager - Using chromedriver 135.0.7049.114 (resolved driver for Chrome 135)
16:53:40.897 [TestNG-test-AI RISK MANAGEMENT TESTS-2] INFO  i.g.bonigarcia.wdm.online.Downloader - Downloading https://storage.googleapis.com/chrome-for-testing-public/135.0.7049.114/linux64/chromedriver-linux64.zip
16:53:40.897 [TestNG-test-AI RISK MANAGEMENT TESTS-1] INFO  i.g.bonigarcia.wdm.online.Downloader - Downloading https://storage.googleapis.com/chrome-for-testing-public/135.0.7049.114/linux64/chromedriver-linux64.zip
16:53:41.140 [TestNG-test-AI RISK MANAGEMENT TESTS-2] INFO  i.g.bonigarcia.wdm.online.Downloader - Extracting driver from compressed file chromedriver-linux64.zip
16:53:41.164 [TestNG-test-AI RISK MANAGEMENT TESTS-1] INFO  i.g.bonigarcia.wdm.online.Downloader - Extracting driver from compressed file chromedriver-linux64.zip
16:53:41.292 [TestNG-test-AI RISK MANAGEMENT TESTS-2] INFO  i.g.bonigarcia.wdm.WebDriverManager - Exporting webdriver.chrome.driver as /home/runner/.cache/selenium/chromedriver/linux64/135.0.7049.114/chromedriver
16:53:41.313 [TestNG-test-AI RISK MANAGEMENT TESTS-1] INFO  i.g.bonigarcia.wdm.WebDriverManager - Exporting webdriver.chrome.driver as /home/runner/.cache/selenium/chromedriver/linux64/135.0.7049.114/chromedriver
16:54:10.377 [TestNG-test-AI RISK MANAGEMENT TESTS-1] INFO  c.a.h.tests.AIRiskManagementPageTest - On GeneralInformationPage - Fill  Name , org, email , region & Submit 
16:54:10.377 [TestNG-test-AI RISK MANAGEMENT TESTS-2] INFO  c.a.h.t.GeneralInfoInvalidMessageTest - On GeneralInformationPage - Fill out Name , org, email , region & Submit 
16:54:10.415 [TestNG-test-AI RISK MANAGEMENT TESTS-1] INFO  c.a.h.pages.GeneralInformationPage - Navigate to URL:src/main/resources/securityForm.html
16:54:10.416 [TestNG-test-AI RISK MANAGEMENT TESTS-2] INFO  c.a.h.pages.GeneralInformationPage - Navigate to URL:src/main/resources/securityForm.html
16:54:12.431 [TestNG-test-AI RISK MANAGEMENT TESTS-1] INFO  c.a.h.pages.GeneralInformationPage - Enter Deployment Name :RegionUS RiskHigh SensitiveYes
16:54:13.031 [TestNG-test-AI RISK MANAGEMENT TESTS-1] INFO  c.a.h.pages.GeneralInformationPage - Enter Org Name :Organization A
16:54:13.099 [TestNG-test-AI RISK MANAGEMENT TESTS-1] INFO  c.a.h.pages.GeneralInformationPage - Enter Email Address :user2@example.com
16:54:13.161 [TestNG-test-AI RISK MANAGEMENT TESTS-1] INFO  c.a.h.pages.GeneralInformationPage - Select region :US
16:54:13.277 [TestNG-test-AI RISK MANAGEMENT TESTS-1] INFO  c.a.h.pages.GeneralInformationPage - Click Next 
16:54:13.355 [TestNG-test-AI RISK MANAGEMENT TESTS-1] INFO  c.a.h.tests.AIRiskManagementPageTest - On AIRiskManagementPage - Fill  sensitive data , risk level,navigate to Data Security Page
16:54:13.355 [TestNG-test-AI RISK MANAGEMENT TESTS-1] INFO  c.a.h.pages.AIRiskManagementPage - Verify Title on AI Risk Management Page
]]></system-out>
  </testcase>
  <testcase name="dummyVerifyTitleOnAIRiskMngmtPage[RegionUS RiskHigh SensitiveYes, Organization A, user2@example.com, US, No, High, Encryption, Yes, , Yes, Yes](1)" classname="com.ai.holistic.tests.AIRiskManagementPageTest" time="3.013"/>
  <testcase name="dummyVerifyTitleOnAIRiskMngmtPage[RegionUS RiskHigh SensitiveYes, Organization A, user2@example.com, EU, No, High, Encryption, Yes, Yes, Yes, Yes](2)" classname="com.ai.holistic.tests.AIRiskManagementPageTest" time="0.407">
    <system-out><![CDATA[16:54:14.175 [TestNG-test-AI RISK MANAGEMENT TESTS-1] INFO  i.g.bonigarcia.wdm.WebDriverManager - Using chromedriver 135.0.7049.114 (resolved driver for Chrome 135)
16:54:14.178 [TestNG-test-AI RISK MANAGEMENT TESTS-1] INFO  i.g.bonigarcia.wdm.WebDriverManager - Exporting webdriver.chrome.driver as /home/runner/.cache/selenium/chromedriver/linux64/135.0.7049.114/chromedriver
16:54:14.486 [TestNG-test-AI RISK MANAGEMENT TESTS-1] INFO  c.a.h.tests.AIRiskManagementPageTest - On GeneralInformationPage - Fill  Name , org, email , region & Submit 
16:54:14.486 [TestNG-test-AI RISK MANAGEMENT TESTS-1] INFO  c.a.h.pages.GeneralInformationPage - Navigate to URL:src/main/resources/securityForm.html
16:54:14.560 [TestNG-test-AI RISK MANAGEMENT TESTS-1] INFO  c.a.h.pages.GeneralInformationPage - Enter Deployment Name :RegionUS RiskHigh SensitiveYes
16:54:14.628 [TestNG-test-AI RISK MANAGEMENT TESTS-1] INFO  c.a.h.pages.GeneralInformationPage - Enter Org Name :Organization A
16:54:14.677 [TestNG-test-AI RISK MANAGEMENT TESTS-1] INFO  c.a.h.pages.GeneralInformationPage - Enter Email Address :user2@example.com
16:54:14.725 [TestNG-test-AI RISK MANAGEMENT TESTS-1] INFO  c.a.h.pages.GeneralInformationPage - Select region :EU
16:54:14.817 [TestNG-test-AI RISK MANAGEMENT TESTS-1] INFO  c.a.h.pages.GeneralInformationPage - Click Next 
16:54:14.870 [TestNG-test-AI RISK MANAGEMENT TESTS-1] INFO  c.a.h.tests.AIRiskManagementPageTest - On AIRiskManagementPage - Fill  sensitive data , risk level,navigate to Data Security Page
16:54:14.871 [TestNG-test-AI RISK MANAGEMENT TESTS-1] INFO  c.a.h.pages.AIRiskManagementPage - Verify Title on AI Risk Management Page
]]></system-out>
  </testcase>
  <testcase name="dummyVerifyTitleOnAIRiskMngmtPage[RegionUS RiskHigh SensitiveYes, Organization A, user2@example.com, APAC, No, High, Encryption, Yes, , Yes, No](3)" classname="com.ai.holistic.tests.AIRiskManagementPageTest" time="0.421">
    <system-out><![CDATA[16:54:15.033 [TestNG-test-AI RISK MANAGEMENT TESTS-1] INFO  i.g.bonigarcia.wdm.WebDriverManager - Using chromedriver 135.0.7049.114 (resolved driver for Chrome 135)
16:54:15.034 [TestNG-test-AI RISK MANAGEMENT TESTS-1] INFO  i.g.bonigarcia.wdm.WebDriverManager - Exporting webdriver.chrome.driver as /home/runner/.cache/selenium/chromedriver/linux64/135.0.7049.114/chromedriver
16:54:15.353 [TestNG-test-AI RISK MANAGEMENT TESTS-1] INFO  c.a.h.tests.AIRiskManagementPageTest - On GeneralInformationPage - Fill  Name , org, email , region & Submit 
16:54:15.353 [TestNG-test-AI RISK MANAGEMENT TESTS-1] INFO  c.a.h.pages.GeneralInformationPage - Navigate to URL:src/main/resources/securityForm.html
16:54:15.451 [TestNG-test-AI RISK MANAGEMENT TESTS-1] INFO  c.a.h.pages.GeneralInformationPage - Enter Deployment Name :RegionUS RiskHigh SensitiveYes
16:54:15.519 [TestNG-test-AI RISK MANAGEMENT TESTS-1] INFO  c.a.h.pages.GeneralInformationPage - Enter Org Name :Organization A
16:54:15.566 [TestNG-test-AI RISK MANAGEMENT TESTS-1] INFO  c.a.h.pages.GeneralInformationPage - Enter Email Address :user2@example.com
16:54:15.611 [TestNG-test-AI RISK MANAGEMENT TESTS-1] INFO  c.a.h.pages.GeneralInformationPage - Select region :APAC
16:54:15.699 [TestNG-test-AI RISK MANAGEMENT TESTS-1] INFO  c.a.h.pages.GeneralInformationPage - Click Next 
16:54:15.751 [TestNG-test-AI RISK MANAGEMENT TESTS-1] INFO  c.a.h.tests.AIRiskManagementPageTest - On AIRiskManagementPage - Fill  sensitive data , risk level,navigate to Data Security Page
16:54:15.751 [TestNG-test-AI RISK MANAGEMENT TESTS-1] INFO  c.a.h.pages.AIRiskManagementPage - Verify Title on AI Risk Management Page
]]></system-out>
  </testcase>
  <testcase name="verifyRiskMappingJourneyE2eFlow[RegionUS RiskHigh SensitiveYes, Organization A, user2@example.com, US, No, High, Encryption, Yes, , Yes, Yes](1)" classname="com.ai.holistic.tests.AIRiskManagementPageTest" time="1.087">
    <system-out><![CDATA[16:54:15.941 [TestNG-test-AI RISK MANAGEMENT TESTS-1] INFO  i.g.bonigarcia.wdm.WebDriverManager - Using chromedriver 135.0.7049.114 (resolved driver for Chrome 135)
16:54:15.944 [TestNG-test-AI RISK MANAGEMENT TESTS-1] INFO  i.g.bonigarcia.wdm.WebDriverManager - Exporting webdriver.chrome.driver as /home/runner/.cache/selenium/chromedriver/linux64/135.0.7049.114/chromedriver
16:54:16.255 [TestNG-test-AI RISK MANAGEMENT TESTS-1] INFO  c.a.h.tests.AIRiskManagementPageTest - On GeneralInformationPage - Fill out Name , org, email , region & Submit 
16:54:16.256 [TestNG-test-AI RISK MANAGEMENT TESTS-1] INFO  c.a.h.pages.GeneralInformationPage - Navigate to URL:src/main/resources/securityForm.html
16:54:16.390 [TestNG-test-AI RISK MANAGEMENT TESTS-1] INFO  c.a.h.pages.GeneralInformationPage - Enter Deployment Name :RegionUS RiskHigh SensitiveYes
16:54:16.458 [TestNG-test-AI RISK MANAGEMENT TESTS-1] INFO  c.a.h.pages.GeneralInformationPage - Enter Org Name :Organization A
16:54:16.505 [TestNG-test-AI RISK MANAGEMENT TESTS-1] INFO  c.a.h.pages.GeneralInformationPage - Enter Email Address :user2@example.com
16:54:16.549 [TestNG-test-AI RISK MANAGEMENT TESTS-1] INFO  c.a.h.pages.GeneralInformationPage - Select region :US
16:54:16.643 [TestNG-test-AI RISK MANAGEMENT TESTS-1] INFO  c.a.h.pages.GeneralInformationPage - Click Next 
16:54:16.697 [TestNG-test-AI RISK MANAGEMENT TESTS-1] INFO  c.a.h.tests.AIRiskManagementPageTest - On AIRiskManagementPage - Fill out sensitive data , risk level,navigate to Data Security Page
16:54:16.697 [TestNG-test-AI RISK MANAGEMENT TESTS-1] INFO  c.a.h.pages.AIRiskManagementPage - Verify Title on AI Risk Management Page
16:54:16.921 [TestNG-test-AI RISK MANAGEMENT TESTS-1] INFO  c.a.h.tests.AIRiskManagementPageTest - On DataSecurityPage - Fill out security measures data, encryption implemented , data residency compliance, navigate to Compliance Measures 
16:54:17.102 [TestNG-test-AI RISK MANAGEMENT TESTS-1] INFO  c.a.h.tests.AIRiskManagementPageTest - On ComplianceMeasuresPage - Fill out compliance measures data, riskAssessment and audit submit form to view final summary 
16:54:17.336 [TestNG-test-AI RISK MANAGEMENT TESTS-1] INFO  com.ai.holistic.pages.SummaryPage - AI Deployment Name: RegionUS RiskHigh SensitiveYes
Organization Name: Organization A
Email Address: user2@example.com
Region: US
Sensitive Data: No
Risk Level: High
Security Measures: Encryption
Encryption: Yes
Data Residency Compliance:
Risk Assessment: Yes
Compliance Audit: Yes
16:54:17.341 [TestNG-test-AI RISK MANAGEMENT TESTS-1] INFO  c.a.h.tests.AIRiskManagementPageTest - data residency flga 
]]></system-out>
  </testcase>
  <testcase name="verifyRiskMappingJourneyE2eFlow[RegionUS RiskHigh SensitiveYes, Organization A, user2@example.com, EU, No, High, Encryption, Yes, Yes, Yes, Yes](2)" classname="com.ai.holistic.tests.AIRiskManagementPageTest" time="1.126">
    <system-out><![CDATA[16:54:17.477 [TestNG-test-AI RISK MANAGEMENT TESTS-1] INFO  i.g.bonigarcia.wdm.WebDriverManager - Using chromedriver 135.0.7049.114 (resolved driver for Chrome 135)
16:54:17.481 [TestNG-test-AI RISK MANAGEMENT TESTS-1] INFO  i.g.bonigarcia.wdm.WebDriverManager - Exporting webdriver.chrome.driver as /home/runner/.cache/selenium/chromedriver/linux64/135.0.7049.114/chromedriver
16:54:17.775 [TestNG-test-AI RISK MANAGEMENT TESTS-1] INFO  c.a.h.tests.AIRiskManagementPageTest - On GeneralInformationPage - Fill out Name , org, email , region & Submit 
16:54:17.775 [TestNG-test-AI RISK MANAGEMENT TESTS-1] INFO  c.a.h.pages.GeneralInformationPage - Navigate to URL:src/main/resources/securityForm.html
16:54:17.891 [TestNG-test-AI RISK MANAGEMENT TESTS-1] INFO  c.a.h.pages.GeneralInformationPage - Enter Deployment Name :RegionUS RiskHigh SensitiveYes
16:54:17.957 [TestNG-test-AI RISK MANAGEMENT TESTS-1] INFO  c.a.h.pages.GeneralInformationPage - Enter Org Name :Organization A
16:54:18.011 [TestNG-test-AI RISK MANAGEMENT TESTS-1] INFO  c.a.h.pages.GeneralInformationPage - Enter Email Address :user2@example.com
16:54:18.055 [TestNG-test-AI RISK MANAGEMENT TESTS-1] INFO  c.a.h.pages.GeneralInformationPage - Select region :EU
16:54:18.149 [TestNG-test-AI RISK MANAGEMENT TESTS-1] INFO  c.a.h.pages.GeneralInformationPage - Click Next 
16:54:18.201 [TestNG-test-AI RISK MANAGEMENT TESTS-1] INFO  c.a.h.tests.AIRiskManagementPageTest - On AIRiskManagementPage - Fill out sensitive data , risk level,navigate to Data Security Page
16:54:18.201 [TestNG-test-AI RISK MANAGEMENT TESTS-1] INFO  c.a.h.pages.AIRiskManagementPage - Verify Title on AI Risk Management Page
16:54:18.424 [TestNG-test-AI RISK MANAGEMENT TESTS-1] INFO  c.a.h.tests.AIRiskManagementPageTest - On DataSecurityPage - Fill out security measures data, encryption implemented , data residency compliance, navigate to Compliance Measures 
16:54:18.673 [TestNG-test-AI RISK MANAGEMENT TESTS-1] INFO  c.a.h.tests.AIRiskManagementPageTest - On ComplianceMeasuresPage - Fill out compliance measures data, riskAssessment and audit submit form to view final summary 
16:54:18.899 [TestNG-test-AI RISK MANAGEMENT TESTS-1] INFO  com.ai.holistic.pages.SummaryPage - AI Deployment Name: RegionUS RiskHigh SensitiveYes
Organization Name: Organization A
Email Address: user2@example.com
Region: EU
Sensitive Data: No
Risk Level: High
Security Measures: Encryption
Encryption: Yes
Data Residency Compliance: Yes
Risk Assessment: Yes
Compliance Audit: Yes
16:54:18.899 [TestNG-test-AI RISK MANAGEMENT TESTS-1] INFO  c.a.h.tests.AIRiskManagementPageTest - data residency flga Yes
]]></system-out>
  </testcase>
  <testcase name="verifyRiskMappingJourneyE2eFlow[RegionUS RiskHigh SensitiveYes, Organization A, user2@example.com, APAC, No, High, Encryption, Yes, , Yes, No](3)" classname="com.ai.holistic.tests.AIRiskManagementPageTest" time="1.024">
    <system-out><![CDATA[16:54:18.997 [TestNG-test-AI RISK MANAGEMENT TESTS-1] INFO  i.g.bonigarcia.wdm.WebDriverManager - Using chromedriver 135.0.7049.114 (resolved driver for Chrome 135)
16:54:18.999 [TestNG-test-AI RISK MANAGEMENT TESTS-1] INFO  i.g.bonigarcia.wdm.WebDriverManager - Exporting webdriver.chrome.driver as /home/runner/.cache/selenium/chromedriver/linux64/135.0.7049.114/chromedriver
16:54:19.317 [TestNG-test-AI RISK MANAGEMENT TESTS-1] INFO  c.a.h.tests.AIRiskManagementPageTest - On GeneralInformationPage - Fill out Name , org, email , region & Submit 
16:54:19.317 [TestNG-test-AI RISK MANAGEMENT TESTS-1] INFO  c.a.h.pages.GeneralInformationPage - Navigate to URL:src/main/resources/securityForm.html
16:54:19.423 [TestNG-test-AI RISK MANAGEMENT TESTS-1] INFO  c.a.h.pages.GeneralInformationPage - Enter Deployment Name :RegionUS RiskHigh SensitiveYes
16:54:19.490 [TestNG-test-AI RISK MANAGEMENT TESTS-1] INFO  c.a.h.pages.GeneralInformationPage - Enter Org Name :Organization A
16:54:19.537 [TestNG-test-AI RISK MANAGEMENT TESTS-1] INFO  c.a.h.pages.GeneralInformationPage - Enter Email Address :user2@example.com
16:54:19.580 [TestNG-test-AI RISK MANAGEMENT TESTS-1] INFO  c.a.h.pages.GeneralInformationPage - Select region :APAC
16:54:19.664 [TestNG-test-AI RISK MANAGEMENT TESTS-1] INFO  c.a.h.pages.GeneralInformationPage - Click Next 
16:54:19.716 [TestNG-test-AI RISK MANAGEMENT TESTS-1] INFO  c.a.h.tests.AIRiskManagementPageTest - On AIRiskManagementPage - Fill out sensitive data , risk level,navigate to Data Security Page
16:54:19.716 [TestNG-test-AI RISK MANAGEMENT TESTS-1] INFO  c.a.h.pages.AIRiskManagementPage - Verify Title on AI Risk Management Page
16:54:19.936 [TestNG-test-AI RISK MANAGEMENT TESTS-1] INFO  c.a.h.tests.AIRiskManagementPageTest - On DataSecurityPage - Fill out security measures data, encryption implemented , data residency compliance, navigate to Compliance Measures 
16:54:20.105 [TestNG-test-AI RISK MANAGEMENT TESTS-1] INFO  c.a.h.tests.AIRiskManagementPageTest - On ComplianceMeasuresPage - Fill out compliance measures data, riskAssessment and audit submit form to view final summary 
16:54:20.340 [TestNG-test-AI RISK MANAGEMENT TESTS-1] INFO  com.ai.holistic.pages.SummaryPage - AI Deployment Name: RegionUS RiskHigh SensitiveYes
Organization Name: Organization A
Email Address: user2@example.com
Region: APAC
Sensitive Data: No
Risk Level: High
Security Measures: Encryption
Encryption: Yes
Data Residency Compliance:
Risk Assessment: Yes
Compliance Audit: No
16:54:20.341 [TestNG-test-AI RISK MANAGEMENT TESTS-1] INFO  c.a.h.tests.AIRiskManagementPageTest - data residency flga 
]]></system-out>
  </testcase>
</testsuite>